Arguments: 
  /usr/local/bin/node /usr/local/bin/yarn install

PATH: 
  /Users/mohamedlehbibouldyouba/FSND/projects/02_trivia_api/starter/venv/bin:/opt/local/bin:/opt/local/sbin:/usr/local/bin:/usr/bin:/bin:/usr/sbin:/sbin:/Applications/Postgres.app/Contents/Versions/Latest/bin:/Applications/Postgres.app/Contents/Versions/latest/bin

Yarn version: 
  1.22.10

Node version: 
  14.15.5

Platform: 
  darwin x64

Trace: 
  Error: https://registry.yarnpkg.com/corsproxy: socket hang up
      at connResetException (internal/errors.js:607:14)
      at TLSSocket.socketOnEnd (_http_client.js:493:23)
      at TLSSocket.emit (events.js:327:22)
      at endReadableNT (internal/streams/readable.js:1327:12)
      at processTicksAndRejections (internal/process/task_queues.js:80:21)

npm manifest: 
  {
    "name": "trivia-app",
    "version": "0.1.0",
    "private": true,
    "proxy": "http://127.0.0.1:5000/",
    "dependencies": {
      "corsproxy": "^1.5.0",
      "jquery": "^3.4.1",
      "react": "^16.8.6",
      "react-dom": "^16.8.6",
      "react-router-dom": "^5.0.0",
      "react-scripts": "3.0.1"
    },
    "scripts": {
      "start": "node node_modules/react-scripts/scripts/start.js",
      "build": "react-scripts build",
      "test": "react-scripts test",
      "eject": "react-scripts eject"
    },
    "eslintConfig": {
      "extends": "react-app"
    },
    "browserslist": {
      "production": [
        ">0.2%",
        "not dead",
        "not op_mini all"
      ],
      "development": [
        "last 1 chrome version",
        "last 1 firefox version",
        "last 1 safari version"
      ]
    }
  }

yarn manifest: 
  No manifest

Lockfile: 
  No lockfile
